<?xml version="1.0" encoding="UTF-8"?>
<!-- Generated by org.testng.reporters.JUnitReportReporter -->
<testsuite skipped="0" hostname="LAPTOP-O0A0UR2O" name="com.automation.facebookPage.FacebookMaven.VerifyLogin" tests="3" failures="0" timestamp="29 Nov 2016 17:22:15 GMT" time="13.803" errors="0">
  <testcase name="verifyInvalidLogin" time="3.527" classname="com.automation.facebookPage.FacebookMaven.VerifyLogin"/>
  <testcase name="verifyInvalidLogin" time="7.640" classname="com.automation.facebookPage.FacebookMaven.VerifyLogin"/>
  <testcase name="verifyInvalidLogin" time="2.636" classname="com.automation.facebookPage.FacebookMaven.VerifyLogin"/>
</testsuite> <!-- com.automation.facebookPage.FacebookMaven.VerifyLogin -->
