<?xml version="1.0" encoding="UTF-8"?>
<!-- Generated by org.testng.reporters.JUnitReportReporter -->
<testsuite skipped="0" hostname="LAPTOP-O0A0UR2O" name="com.automation.facebookPage.FacebookMaven.dataProvider" tests="4" failures="0" timestamp="29 Nov 2016 15:54:04 GMT" time="1.093" errors="0">
  <testcase name="multiParameter" time="0.016" classname="com.automation.facebookPage.FacebookMaven.dataProvider"/>
  <testcase name="multiParameter" time="0.024" classname="com.automation.facebookPage.FacebookMaven.dataProvider"/>
  <testcase name="multiParameter" time="0.984" classname="com.automation.facebookPage.FacebookMaven.dataProvider"/>
  <testcase name="multiParameter" time="0.069" classname="com.automation.facebookPage.FacebookMaven.dataProvider"/>
</testsuite> <!-- com.automation.facebookPage.FacebookMaven.dataProvider -->
