<?xml version="1.0" encoding="UTF-8"?>
<!-- Generated by org.testng.reporters.JUnitReportReporter -->
<testsuite skipped="0" hostname="LAPTOP-O0A0UR2O" name="com.automation.facebookPage.FacebookMaven.LoginPageTest" tests="1" failures="0" timestamp="26 Nov 2016 19:39:35 GMT" time="0.948" errors="0">
  <testcase name="login" time="0.948" classname="com.automation.facebookPage.FacebookMaven.LoginPageTest"/>
</testsuite> <!-- com.automation.facebookPage.FacebookMaven.LoginPageTest -->
