<?xml version="1.0" encoding="UTF-8"?>
<!-- Generated by org.testng.reporters.JUnitReportReporter -->
<testsuite skipped="1" hostname="LAPTOP-O0A0UR2O" name="com.automation.facebookPage.FacebookMaven.ExcelSheetReader" tests="1" failures="0" timestamp="30 Nov 2016 21:49:46 GMT" time="0.000" errors="0">
  <testcase name="verifyLogin" time="0.000" classname="com.automation.facebookPage.FacebookMaven.ExcelSheetReader">
    <skipped/>
  </testcase> <!-- verifyLogin -->
</testsuite> <!-- com.automation.facebookPage.FacebookMaven.ExcelSheetReader -->
